===============================================================
Gobuster v3.1.0
by OJ Reeves (@TheColonial) & Christian Mehlmauer (@firefart)
===============================================================
[+] Url:            http://10.10.207.102
[+] Method:         GET
[+] Threads:        10
[+] Wordlist:       /usr/share/wordlists/dirb/common.txt
[+] Status codes:   200,204,301,302,307,401,403
[+] User Agent:     gobuster/3.1.0
[+] Timeout:        10s
===============================================================
2020/12/10 14:06:17 Starting gobuster in directory enumeration mode
===============================================================
/.hta (Status: 403)        
/.htpasswd (Status: 403)   
/.htaccess (Status: 403)   
/index.html (Status: 200)     
/server-status (Status: 403)  
/wordpress (Status: 301)     
/hackathons (Status: 200) 
===============================================================
2020/12/10 14:09:03 Finished
===============================================================
